<?xml version="1.0" encoding="UTF-8"?>
<!-- Generated by org.testng.reporters.JUnitXMLReporter -->
<testsuite ignored="0" hostname="Bunty" failures="0" tests="5" name="Test" time="73.571" errors="0" timestamp="2020-12-03T19:55:38 GMT-05:00">
  <testcase classname="com.automationpractice.TestScripts.SuccessMessageTest" name="verifyMessage" time="5.948"/>
  <testcase classname="com.automationpractice.TestScripts.AlertMessageTest" name="verifyAlertMessage" time="4.664"/>
  <testcase classname="com.automationpractice.TestScripts.LogoffVisibilityTest" name="verifyLogoffBtn" time="8.122"/>
  <testcase classname="com.automationpractice.TestScripts.InvalidLoginTest" name="verifyErrorMsg" time="1.99"/>
  <testcase classname="com.automationpractice.TestScripts.PlaceOrderTest" name="verifyPlaceOrder" time="20.026"/>
</testsuite> <!-- Test -->
