<?xml version="1.0" encoding="UTF-8"?>
<testng-results ignored="0" total="1" passed="1" failed="0" skipped="0">
  <reporter-output>
  </reporter-output>
  <suite started-at="2020-11-23T19:56:05 GMT-05:00" name="Default suite" finished-at="2020-11-23T19:56:26 GMT-05:00" duration-ms="21202">
    <groups>
    </groups>
    <test started-at="2020-11-23T19:56:05 GMT-05:00" name="Default test" finished-at="2020-11-23T19:56:26 GMT-05:00" duration-ms="21202">
      <class name="keyWordDriven.Application">
        <test-method signature="verifyInvalidLogin()[pri:0, instance:keyWordDriven.Application@5db250b4]" started-at="2020-11-23T19:56:05 GMT-05:00" name="verifyInvalidLogin" finished-at="2020-11-23T19:56:26 GMT-05:00" duration-ms="21148" status="PASS">
          <reporter-output>
          </reporter-output>
        </test-method> <!-- verifyInvalidLogin -->
      </class> <!-- keyWordDriven.Application -->
    </test> <!-- Default test -->
  </suite> <!-- Default suite -->
</testng-results>
